# JRE version: OpenJDK Runtime Environment (11.0.8+10) (build 11.0.8+10-b944.6842174)
# Java VM: OpenJDK 64-Bit Server VM (11.0.8+10-b944.6842174, mixed mode, tiered, compressed oops, g1 gc, windows-amd64)
Heap:
 garbage-first heap   total 947200K, used 150528K [0x0000000080000000, 0x0000000100000000)
  region size 1024K, 3 young (3072K), 3 survivors (3072K)
 Metaspace       used 123612K, capacity 126528K, committed 126664K, reserved 1159168K
  class space    used 15092K, capacity 16129K, committed 16204K, reserved 1048576K
GC Heap History (20 events):
Event: 9459.261 GC heap after
{Heap after GC invocations=121 (full 0):
 garbage-first heap   total 364544K, used 102807K [0x0000000080000000, 0x0000000100000000)
  region size 1024K, 2 young (2048K), 2 survivors (2048K)
 Metaspace       used 118399K, capacity 121209K, committed 121544K, reserved 1155072K
  class space    used 14612K, capacity 15571K, committed 15692K, reserved 1048576K
}
Event: 9461.338 GC heap before
{Heap before GC invocations=122 (full 0):
 garbage-first heap   total 364544K, used 133527K [0x0000000080000000, 0x0000000100000000)
  region size 1024K, 33 young (33792K), 2 survivors (2048K)
 Metaspace       used 120194K, capacity 123002K, committed 123208K, reserved 1157120K
  class space    used 14772K, capacity 15752K, committed 15820K, reserved 1048576K
}
Event: 9461.348 GC heap after
{Heap after GC invocations=123 (full 0):
 garbage-first heap   total 364544K, used 101950K [0x0000000080000000, 0x0000000100000000)
  region size 1024K, 3 young (3072K), 3 survivors (3072K)
 Metaspace       used 120194K, capacity 123002K, committed 123208K, reserved 1157120K
  class space    used 14772K, capacity 15752K, committed 15820K, reserved 1048576K
}
Event: 9462.501 GC heap before
{Heap before GC invocations=123 (full 0):
 garbage-first heap   total 364544K, used 142910K [0x0000000080000000, 0x0000000100000000)
  region size 1024K, 43 young (44032K), 3 survivors (3072K)
 Metaspace       used 120883K, capacity 123697K, committed 123976K, reserved 1157120K
  class space    used 14812K, capacity 15787K, committed 15820K, reserved 1048576K
}
Event: 9462.513 GC heap after
{Heap after GC invocations=124 (full 0):
 garbage-first heap   total 364544K, used 102807K [0x0000000080000000, 0x0000000100000000)
  region size 1024K, 3 young (3072K), 3 survivors (3072K)
 Metaspace       used 120883K, capacity 123697K, committed 123976K, reserved 1157120K
  class space    used 14812K, capacity 15787K, committed 15820K, reserved 1048576K
}
Event: 9463.887 GC heap before
{Heap before GC invocations=125 (full 0):
 garbage-first heap   total 364544K, used 152983K [0x0000000080000000, 0x0000000100000000)
  region size 1024K, 52 young (53248K), 3 survivors (3072K)
 Metaspace       used 121093K, capacity 123900K, committed 123976K, reserved 1157120K
  class space    used 14818K, capacity 15788K, committed 15820K, reserved 1048576K
}
Event: 9463.903 GC heap after
{Heap after GC invocations=126 (full 0):
 garbage-first heap   total 364544K, used 102489K [0x0000000080000000, 0x0000000100000000)
  region size 1024K, 3 young (3072K), 3 survivors (3072K)
 Metaspace       used 121093K, capacity 123900K, committed 123976K, reserved 1157120K
  class space    used 14818K, capacity 15788K, committed 15820K, reserved 1048576K
}
Event: 9468.224 GC heap before
{Heap before GC invocations=126 (full 0):
 garbage-first heap   total 364544K, used 170073K [0x0000000080000000, 0x0000000100000000)
  region size 1024K, 69 young (70656K), 3 survivors (3072K)
 Metaspace       used 122491K, capacity 125390K, committed 125512K, reserved 1159168K
  class space    used 14991K, capacity 15999K, committed 16076K, reserved 1048576K
}
Event: 9468.251 GC heap after
{Heap after GC invocations=127 (full 0):
 garbage-first heap   total 364544K, used 102219K [0x0000000080000000, 0x0000000100000000)
  region size 1024K, 3 young (3072K), 3 survivors (3072K)
 Metaspace       used 122491K, capacity 125390K, committed 125512K, reserved 1159168K
  class space    used 14991K, capacity 15999K, committed 16076K, reserved 1048576K
}
Event: 9481.242 GC heap before
{Heap before GC invocations=128 (full 0):
 garbage-first heap   total 364544K, used 117579K [0x0000000080000000, 0x0000000100000000)
  region size 1024K, 20 young (20480K), 3 survivors (3072K)
 Metaspace       used 122758K, capacity 125594K, committed 125768K, reserved 1159168K
  class space    used 15020K, capacity 16039K, committed 16076K, reserved 1048576K
}
Event: 9481.263 GC heap after
{Heap after GC invocations=129 (full 0):
 garbage-first heap   total 364544K, used 101852K [0x0000000080000000, 0x0000000100000000)
  region size 1024K, 2 young (2048K), 2 survivors (2048K)
 Metaspace       used 122758K, capacity 125594K, committed 125768K, reserved 1159168K
  class space    used 15020K, capacity 16039K, committed 16076K, reserved 1048576K
}
Event: 9482.141 GC heap before
{Heap before GC invocations=130 (full 0):
 garbage-first heap   total 364544K, used 104924K [0x0000000080000000, 0x0000000100000000)
  region size 1024K, 4 young (4096K), 2 survivors (2048K)
 Metaspace       used 122771K, capacity 125594K, committed 125768K, reserved 1159168K
  class space    used 15022K, capacity 16039K, committed 16076K, reserved 1048576K
}
Event: 9482.158 GC heap after
{Heap after GC invocations=131 (full 0):
 garbage-first heap   total 364544K, used 106627K [0x0000000080000000, 0x0000000100000000)
  region size 1024K, 4 young (4096K), 4 survivors (4096K)
 Metaspace       used 122771K, capacity 125594K, committed 125768K, reserved 1159168K
  class space    used 15022K, capacity 16039K, committed 16076K, reserved 1048576K
}
Event: 9482.958 GC heap before
{Heap before GC invocations=132 (full 0):
 garbage-first heap   total 364544K, used 107651K [0x0000000080000000, 0x0000000100000000)
  region size 1024K, 6 young (6144K), 4 survivors (4096K)
 Metaspace       used 122863K, capacity 125821K, committed 126152K, reserved 1159168K
  class space    used 15038K, capacity 16072K, committed 16204K, reserved 1048576K
}
Event: 9482.972 GC heap after
{Heap after GC invocations=133 (full 0):
 garbage-first heap   total 364544K, used 109020K [0x0000000080000000, 0x0000000100000000)
  region size 1024K, 5 young (5120K), 5 survivors (5120K)
 Metaspace       used 122863K, capacity 125821K, committed 126152K, reserved 1159168K
  class space    used 15038K, capacity 16072K, committed 16204K, reserved 1048576K
}
Event: 9484.821 GC heap before
{Heap before GC invocations=134 (full 0):
 garbage-first heap   total 364544K, used 183772K [0x0000000080000000, 0x0000000100000000)
  region size 1024K, 71 young (72704K), 5 survivors (5120K)
 Metaspace       used 123530K, capacity 126418K, committed 126664K, reserved 1159168K
  class space    used 15090K, capacity 16097K, committed 16204K, reserved 1048576K
}
Event: 9488.004 GC heap after
{Heap after GC invocations=135 (full 0):
 garbage-first heap   total 364544K, used 145454K [0x0000000080000000, 0x0000000100000000)
  region size 1024K, 9 young (9216K), 9 survivors (9216K)
 Metaspace       used 123530K, capacity 126418K, committed 126664K, reserved 1159168K
  class space    used 15090K, capacity 16097K, committed 16204K, reserved 1048576K
}
Event: 9488.803 GC heap before
{Heap before GC invocations=135 (full 0):
 garbage-first heap   total 364544K, used 153646K [0x0000000080000000, 0x0000000100000000)
  region size 1024K, 17 young (17408K), 9 survivors (9216K)
 Metaspace       used 123586K, capacity 126487K, committed 126664K, reserved 1159168K
  class space    used 15091K, capacity 16097K, committed 16204K, reserved 1048576K
}
Event: 9494.794 GC heap after
{Heap after GC invocations=136 (full 0):
 garbage-first heap   total 364544K, used 151040K [0x0000000080000000, 0x0000000100000000)
  region size 1024K, 3 young (3072K), 3 survivors (3072K)
 Metaspace       used 123586K, capacity 126487K, committed 126664K, reserved 1159168K
  class space    used 15091K, capacity 16097K, committed 16204K, reserved 1048576K
}
Event: 9496.393 GC heap before
{Heap before GC invocations=136 (full 0):
 garbage-first heap   total 364544K, used 159744K [0x0000000080000000, 0x0000000100000000)
  region size 1024K, 17 young (17408K), 3 survivors (3072K)
 Metaspace       used 123612K, capacity 126528K, committed 126664K, reserved 1159168K
  class space    used 15092K, capacity 16129K, committed 16204K, reserved 1048576K
}

